Notice: Output directory `docs' does not exist. I have created it for you.
Searching for include files...
Searching for example files...
Searching for images...
Searching for dot files...
Searching for msc files...
Searching for dia files...
Searching for files to exclude
Searching INPUT for files to process...
Searching for files in directory /Users/shane/repos/bsu/CS453/projects/p1-shell_part1/stubs
Searching for files in directory /Users/shane/repos/bsu/CS453/projects/p1-shell_part1/stubs/docs
Searching for files in directory /Users/shane/repos/bsu/CS453/projects/p1-shell_part1/stubs/mydash-src
Searching for files in directory /Users/shane/repos/bsu/CS453/projects/p1-shell_part1/stubs/other-progs
Reading and parsing tag files
Parsing files
Reading /Users/shane/repos/bsu/CS453/projects/p1-shell_part1/stubs/CONTENTS.md...
Preprocessing /Users/shane/repos/bsu/CS453/projects/p1-shell_part1/stubs/mydash-src/error.c...
Parsing file /Users/shane/repos/bsu/CS453/projects/p1-shell_part1/stubs/mydash-src/error.c...
Preprocessing /Users/shane/repos/bsu/CS453/projects/p1-shell_part1/stubs/mydash-src/mydash.c...
Parsing file /Users/shane/repos/bsu/CS453/projects/p1-shell_part1/stubs/mydash-src/mydash.c...
Preprocessing /Users/shane/repos/bsu/CS453/projects/p1-shell_part1/stubs/mydash-src/mydash.h...
Parsing file /Users/shane/repos/bsu/CS453/projects/p1-shell_part1/stubs/mydash-src/mydash.h...
Preprocessing /Users/shane/repos/bsu/CS453/projects/p1-shell_part1/stubs/mydash-src/parsing.c...
Parsing file /Users/shane/repos/bsu/CS453/projects/p1-shell_part1/stubs/mydash-src/parsing.c...
Preprocessing /Users/shane/repos/bsu/CS453/projects/p1-shell_part1/stubs/other-progs/loop.c...
Parsing file /Users/shane/repos/bsu/CS453/projects/p1-shell_part1/stubs/other-progs/loop.c...
Preprocessing /Users/shane/repos/bsu/CS453/projects/p1-shell_part1/stubs/other-progs/test-readline.c...
Parsing file /Users/shane/repos/bsu/CS453/projects/p1-shell_part1/stubs/other-progs/test-readline.c...
Reading /Users/shane/repos/bsu/CS453/projects/p1-shell_part1/stubs/README.md...
Building group list...
Building directory list...
Building namespace list...
Building file list...
Building class list...
Associating documentation with classes...
Computing nesting relations for classes...
Building example list...
Searching for enumerations...
Searching for documented typedefs...
Searching for members imported via using declarations...
Searching for included using directives...
Searching for documented variables...
Building interface member list...
Building member list...
Searching for friends...
Searching for documented defines...
Computing class inheritance relations...
Computing class usage relations...
Flushing cached template relations that have become invalid...
Computing class relations...
Add enum values to enums...
Searching for member function documentation...
Creating members for template instances...
Building page list...
Search for main page...
Computing page relations...
Determining the scope of groups...
Sorting lists...
Freeing entry tree
Determining which enums are documented
Computing member relations...
Building full member lists recursively...
Adding members to member groups.
Computing member references...
Inheriting documentation...
Generating disk names...
Adding source references...
Adding xrefitems...
Sorting member lists...
Computing dependencies between directories...
Generating citations page...
Counting data structures...
Resolving user defined references...
Finding anchors and sections in the documentation...
Transferring function references...
Combining using relations...
Adding members to index pages...
Generating style sheet...
Generating search indices...
Generating example documentation...
Generating file sources...
Generating code for file mydash-src/mydash.h...
Generating file documentation...
Generating docs for file CONTENTS.md...
Generating docs for file mydash-src/error.c...
Generating docs for file mydash-src/mydash.c...
Generating docs for file mydash-src/mydash.h...
Generating docs for file mydash-src/parsing.c...
Generating docs for file other-progs/loop.c...
Generating docs for file other-progs/test-readline.c...
Generating docs for file README.md...
Generating page documentation...
Generating group documentation...
Generating class documentation...
Generating namespace index...
Generating graph info page...
Generating directory documentation...
Generating index page...
Generating page index...
Generating module index...
Generating namespace index...
Generating namespace member index...
Generating annotated compound index...
Generating alphabetical compound index...
Generating hierarchical class index...
Generating member index...
Generating file index...
Generating file member index...
Generating example index...
finalizing index lists...
writing tag file...
lookup cache used 14/65536 hits=24 misses=14
finished...
